Microsoft (R) Build Engine version 14.0.23107.0
Copyright (C) Microsoft Corporation. All rights reserved.

Build started 4-3-2019 18:25:59.
Project "C:\Users\Marcin\Documents\GitHub\KerbalKrashSystem\Source\KKS-Mods\KerbalKrashSystem_Leak\KerbalKrashSystem_Leak\KerbalKrashSystem_Leak.csproj" on node 1 (ReBuild target(s)).
CoreClean:
  Deleting file "C:\Users\Marcin\Documents\GitHub\KerbalKrashSystem\Source\KKS-Mods\KerbalKrashSystem_Leak\KerbalKrashSystem_Leak\obj\Release\KerbalKrashSystem_Leak.csprojResolveAssemblyReference.cache".
CoreCompile:
  C:\Program Files (x86)\MSBuild\14.0\bin\csc.exe /noconfig /nowarn:1701,1702 /nostdlib+ /errorreport:prompt /warn:4 /define:TRACE /highentropyva- /reference:C:\Users\Marcin\Documents\GitHub\KerbalKrashSystem\Source\KKS-Mods\KerbalKrashSystem_Leak\KerbalKrashSystem_Leak\Resources\Assembly-CSharp.dll /reference:C:\Users\Marcin\Documents\GitHub\KerbalKrashSystem\Source\KKS-Mods\KerbalKrashSystem_Leak\KerbalKrashSystem_Leak\Resources\EZ_Particlez.dll /reference:C:\Users\Marcin\Documents\GitHub\KerbalKrashSystem\Source\KKS-Mods\KerbalKrashSystem_Leak\KerbalKrashSystem_Leak\Resources\KerbalKrashSystem.dll /reference:C:\Windows\Microsoft.NET\Framework\v2.0.50727\mscorlib.dll /reference:"C:\Program Files (x86)\Reference Assemblies\Microsoft\Framework\v3.5\System.Core.dll" /reference:"C:\Program Files (x86)\Reference Assemblies\Microsoft\Framework\v3.5\System.Data.DataSetExtensions.dll" /reference:C:\Windows\Microsoft.NET\Framework\v2.0.50727\System.Data.dll /reference:C:\Windows\Microsoft.NET\Framework\v2.0.50727\System.dll /reference:C:\Windows\Microsoft.NET\Framework\v2.0.50727\System.Xml.dll /reference:"C:\Program Files (x86)\Reference Assemblies\Microsoft\Framework\v3.5\System.Xml.Linq.dll" /reference:C:\Users\Marcin\Documents\GitHub\KerbalKrashSystem\Source\KKS-Mods\KerbalKrashSystem_Leak\KerbalKrashSystem_Leak\Resources\UnityEngine.dll /debug:pdbonly /filealign:512 /optimize+ /out:obj\Release\KerbalKrashSystem_Leak.dll /target:library /utf8output KerbalKrashSystem_Leak.cs Properties\AssemblyInfo.cs VisualDebugLine.cs
VisualDebugLine.cs(28,13): warning CS0618: 'LineRenderer.SetColors(Color, Color)' is obsolete: 'Use startColor, endColor or colorGradient instead.' [C:\Users\Marcin\Documents\GitHub\KerbalKrashSystem\Source\KKS-Mods\KerbalKrashSystem_Leak\KerbalKrashSystem_Leak\KerbalKrashSystem_Leak.csproj]
VisualDebugLine.cs(29,13): warning CS0618: 'LineRenderer.SetWidth(float, float)' is obsolete: 'Use startWidth, endWidth or widthCurve instead.' [C:\Users\Marcin\Documents\GitHub\KerbalKrashSystem\Source\KKS-Mods\KerbalKrashSystem_Leak\KerbalKrashSystem_Leak\KerbalKrashSystem_Leak.csproj]
VisualDebugLine.cs(30,13): warning CS0618: 'LineRenderer.SetVertexCount(int)' is obsolete: 'Use numPositions instead.' [C:\Users\Marcin\Documents\GitHub\KerbalKrashSystem\Source\KKS-Mods\KerbalKrashSystem_Leak\KerbalKrashSystem_Leak\KerbalKrashSystem_Leak.csproj]
VisualDebugLine.cs(51,13): warning CS0618: 'LineRenderer.SetColors(Color, Color)' is obsolete: 'Use startColor, endColor or colorGradient instead.' [C:\Users\Marcin\Documents\GitHub\KerbalKrashSystem\Source\KKS-Mods\KerbalKrashSystem_Leak\KerbalKrashSystem_Leak\KerbalKrashSystem_Leak.csproj]
VisualDebugLine.cs(52,13): warning CS0618: 'LineRenderer.SetWidth(float, float)' is obsolete: 'Use startWidth, endWidth or widthCurve instead.' [C:\Users\Marcin\Documents\GitHub\KerbalKrashSystem\Source\KKS-Mods\KerbalKrashSystem_Leak\KerbalKrashSystem_Leak\KerbalKrashSystem_Leak.csproj]
VisualDebugLine.cs(53,13): warning CS0618: 'LineRenderer.SetVertexCount(int)' is obsolete: 'Use numPositions instead.' [C:\Users\Marcin\Documents\GitHub\KerbalKrashSystem\Source\KKS-Mods\KerbalKrashSystem_Leak\KerbalKrashSystem_Leak\KerbalKrashSystem_Leak.csproj]
VisualDebugLine.cs(74,13): warning CS0618: 'LineRenderer.SetColors(Color, Color)' is obsolete: 'Use startColor, endColor or colorGradient instead.' [C:\Users\Marcin\Documents\GitHub\KerbalKrashSystem\Source\KKS-Mods\KerbalKrashSystem_Leak\KerbalKrashSystem_Leak\KerbalKrashSystem_Leak.csproj]
VisualDebugLine.cs(75,13): warning CS0618: 'LineRenderer.SetWidth(float, float)' is obsolete: 'Use startWidth, endWidth or widthCurve instead.' [C:\Users\Marcin\Documents\GitHub\KerbalKrashSystem\Source\KKS-Mods\KerbalKrashSystem_Leak\KerbalKrashSystem_Leak\KerbalKrashSystem_Leak.csproj]
VisualDebugLine.cs(76,13): warning CS0618: 'LineRenderer.SetVertexCount(int)' is obsolete: 'Use numPositions instead.' [C:\Users\Marcin\Documents\GitHub\KerbalKrashSystem\Source\KKS-Mods\KerbalKrashSystem_Leak\KerbalKrashSystem_Leak\KerbalKrashSystem_Leak.csproj]
KerbalKrashSystem_Leak.cs(85,17): warning CS0618: 'ParticleEmitter' is obsolete: 'This component is part of the legacy particle system, which is deprecated and will be removed in a future release. Use the ParticleSystem component instead.' [C:\Users\Marcin\Documents\GitHub\KerbalKrashSystem\Source\KKS-Mods\KerbalKrashSystem_Leak\KerbalKrashSystem_Leak\KerbalKrashSystem_Leak.csproj]
KerbalKrashSystem_Leak.cs(85,69): warning CS0618: 'ParticleEmitter' is obsolete: 'This component is part of the legacy particle system, which is deprecated and will be removed in a future release. Use the ParticleSystem component instead.' [C:\Users\Marcin\Documents\GitHub\KerbalKrashSystem\Source\KKS-Mods\KerbalKrashSystem_Leak\KerbalKrashSystem_Leak\KerbalKrashSystem_Leak.csproj]
KerbalKrashSystem_Leak.cs(157,13): warning CS0618: 'ParticleEmitter' is obsolete: 'This component is part of the legacy particle system, which is deprecated and will be removed in a future release. Use the ParticleSystem component instead.' [C:\Users\Marcin\Documents\GitHub\KerbalKrashSystem\Source\KKS-Mods\KerbalKrashSystem_Leak\KerbalKrashSystem_Leak\KerbalKrashSystem_Leak.csproj]
KerbalKrashSystem_Leak.cs(157,65): warning CS0618: 'ParticleEmitter' is obsolete: 'This component is part of the legacy particle system, which is deprecated and will be removed in a future release. Use the ParticleSystem component instead.' [C:\Users\Marcin\Documents\GitHub\KerbalKrashSystem\Source\KKS-Mods\KerbalKrashSystem_Leak\KerbalKrashSystem_Leak\KerbalKrashSystem_Leak.csproj]
KerbalKrashSystem_Leak.cs(199,31): warning CS0618: 'ParticleEmitter' is obsolete: 'This component is part of the legacy particle system, which is deprecated and will be removed in a future release. Use the ParticleSystem component instead.' [C:\Users\Marcin\Documents\GitHub\KerbalKrashSystem\Source\KKS-Mods\KerbalKrashSystem_Leak\KerbalKrashSystem_Leak\KerbalKrashSystem_Leak.csproj]
KerbalKrashSystem_Leak.cs(216,36): warning CS0618: 'ParticleEmitter' is obsolete: 'This component is part of the legacy particle system, which is deprecated and will be removed in a future release. Use the ParticleSystem component instead.' [C:\Users\Marcin\Documents\GitHub\KerbalKrashSystem\Source\KKS-Mods\KerbalKrashSystem_Leak\KerbalKrashSystem_Leak\KerbalKrashSystem_Leak.csproj]
_CopyFilesMarkedCopyLocal:
  Copying file from "C:\Users\Marcin\Documents\GitHub\KerbalKrashSystem\Source\KKS-Mods\KerbalKrashSystem_Leak\KerbalKrashSystem_Leak\Resources\EZ_Particlez.dll" to "bin\Release\EZ_Particlez.dll".
  Copying file from "C:\Users\Marcin\Documents\GitHub\KerbalKrashSystem\Source\KKS-Mods\KerbalKrashSystem_Leak\KerbalKrashSystem_Leak\Resources\KerbalKrashSystem.dll" to "bin\Release\KerbalKrashSystem.dll".
CopyFilesToOutputDirectory:
  Copying file from "obj\Release\KerbalKrashSystem_Leak.dll" to "bin\Release\KerbalKrashSystem_Leak.dll".
  KerbalKrashSystem_Leak -> C:\Users\Marcin\Documents\GitHub\KerbalKrashSystem\Source\KKS-Mods\KerbalKrashSystem_Leak\KerbalKrashSystem_Leak\bin\Release\KerbalKrashSystem_Leak.dll
  Copying file from "obj\Release\KerbalKrashSystem_Leak.pdb" to "bin\Release\KerbalKrashSystem_Leak.pdb".
PostBuildEvent:
  :: copy KerbalKrashSystem_Leak.dll "D:\Steam\steamapps\common\Kerbal Space Program\GameData\KerbalKrashSystem\Plugins\KKS-mods\KerbalKrashSystem_Leak\Plugins\KerbalKrashSystem_Leak.dll"
  :: copy KerbalKrashSystem_Leak.pdb "D:\Steam\steamapps\common\Kerbal Space Program\GameData\KerbalKrashSystem\Plugins\KKS-mods\KerbalKrashSystem_Leak\Plugins\KerbalKrashSystem_Leak.pdb"
Done Building Project "C:\Users\Marcin\Documents\GitHub\KerbalKrashSystem\Source\KKS-Mods\KerbalKrashSystem_Leak\KerbalKrashSystem_Leak\KerbalKrashSystem_Leak.csproj" (ReBuild target(s)).

Build succeeded.

"C:\Users\Marcin\Documents\GitHub\KerbalKrashSystem\Source\KKS-Mods\KerbalKrashSystem_Leak\KerbalKrashSystem_Leak\KerbalKrashSystem_Leak.csproj" (ReBuild target) (1) ->
(CoreCompile target) -> 
  VisualDebugLine.cs(28,13): warning CS0618: 'LineRenderer.SetColors(Color, Color)' is obsolete: 'Use startColor, endColor or colorGradient instead.' [C:\Users\Marcin\Documents\GitHub\KerbalKrashSystem\Source\KKS-Mods\KerbalKrashSystem_Leak\KerbalKrashSystem_Leak\KerbalKrashSystem_Leak.csproj]
  VisualDebugLine.cs(29,13): warning CS0618: 'LineRenderer.SetWidth(float, float)' is obsolete: 'Use startWidth, endWidth or widthCurve instead.' [C:\Users\Marcin\Documents\GitHub\KerbalKrashSystem\Source\KKS-Mods\KerbalKrashSystem_Leak\KerbalKrashSystem_Leak\KerbalKrashSystem_Leak.csproj]
  VisualDebugLine.cs(30,13): warning CS0618: 'LineRenderer.SetVertexCount(int)' is obsolete: 'Use numPositions instead.' [C:\Users\Marcin\Documents\GitHub\KerbalKrashSystem\Source\KKS-Mods\KerbalKrashSystem_Leak\KerbalKrashSystem_Leak\KerbalKrashSystem_Leak.csproj]
  VisualDebugLine.cs(51,13): warning CS0618: 'LineRenderer.SetColors(Color, Color)' is obsolete: 'Use startColor, endColor or colorGradient instead.' [C:\Users\Marcin\Documents\GitHub\KerbalKrashSystem\Source\KKS-Mods\KerbalKrashSystem_Leak\KerbalKrashSystem_Leak\KerbalKrashSystem_Leak.csproj]
  VisualDebugLine.cs(52,13): warning CS0618: 'LineRenderer.SetWidth(float, float)' is obsolete: 'Use startWidth, endWidth or widthCurve instead.' [C:\Users\Marcin\Documents\GitHub\KerbalKrashSystem\Source\KKS-Mods\KerbalKrashSystem_Leak\KerbalKrashSystem_Leak\KerbalKrashSystem_Leak.csproj]
  VisualDebugLine.cs(53,13): warning CS0618: 'LineRenderer.SetVertexCount(int)' is obsolete: 'Use numPositions instead.' [C:\Users\Marcin\Documents\GitHub\KerbalKrashSystem\Source\KKS-Mods\KerbalKrashSystem_Leak\KerbalKrashSystem_Leak\KerbalKrashSystem_Leak.csproj]
  VisualDebugLine.cs(74,13): warning CS0618: 'LineRenderer.SetColors(Color, Color)' is obsolete: 'Use startColor, endColor or colorGradient instead.' [C:\Users\Marcin\Documents\GitHub\KerbalKrashSystem\Source\KKS-Mods\KerbalKrashSystem_Leak\KerbalKrashSystem_Leak\KerbalKrashSystem_Leak.csproj]
  VisualDebugLine.cs(75,13): warning CS0618: 'LineRenderer.SetWidth(float, float)' is obsolete: 'Use startWidth, endWidth or widthCurve instead.' [C:\Users\Marcin\Documents\GitHub\KerbalKrashSystem\Source\KKS-Mods\KerbalKrashSystem_Leak\KerbalKrashSystem_Leak\KerbalKrashSystem_Leak.csproj]
  VisualDebugLine.cs(76,13): warning CS0618: 'LineRenderer.SetVertexCount(int)' is obsolete: 'Use numPositions instead.' [C:\Users\Marcin\Documents\GitHub\KerbalKrashSystem\Source\KKS-Mods\KerbalKrashSystem_Leak\KerbalKrashSystem_Leak\KerbalKrashSystem_Leak.csproj]
  KerbalKrashSystem_Leak.cs(85,17): warning CS0618: 'ParticleEmitter' is obsolete: 'This component is part of the legacy particle system, which is deprecated and will be removed in a future release. Use the ParticleSystem component instead.' [C:\Users\Marcin\Documents\GitHub\KerbalKrashSystem\Source\KKS-Mods\KerbalKrashSystem_Leak\KerbalKrashSystem_Leak\KerbalKrashSystem_Leak.csproj]
  KerbalKrashSystem_Leak.cs(85,69): warning CS0618: 'ParticleEmitter' is obsolete: 'This component is part of the legacy particle system, which is deprecated and will be removed in a future release. Use the ParticleSystem component instead.' [C:\Users\Marcin\Documents\GitHub\KerbalKrashSystem\Source\KKS-Mods\KerbalKrashSystem_Leak\KerbalKrashSystem_Leak\KerbalKrashSystem_Leak.csproj]
  KerbalKrashSystem_Leak.cs(157,13): warning CS0618: 'ParticleEmitter' is obsolete: 'This component is part of the legacy particle system, which is deprecated and will be removed in a future release. Use the ParticleSystem component instead.' [C:\Users\Marcin\Documents\GitHub\KerbalKrashSystem\Source\KKS-Mods\KerbalKrashSystem_Leak\KerbalKrashSystem_Leak\KerbalKrashSystem_Leak.csproj]
  KerbalKrashSystem_Leak.cs(157,65): warning CS0618: 'ParticleEmitter' is obsolete: 'This component is part of the legacy particle system, which is deprecated and will be removed in a future release. Use the ParticleSystem component instead.' [C:\Users\Marcin\Documents\GitHub\KerbalKrashSystem\Source\KKS-Mods\KerbalKrashSystem_Leak\KerbalKrashSystem_Leak\KerbalKrashSystem_Leak.csproj]
  KerbalKrashSystem_Leak.cs(199,31): warning CS0618: 'ParticleEmitter' is obsolete: 'This component is part of the legacy particle system, which is deprecated and will be removed in a future release. Use the ParticleSystem component instead.' [C:\Users\Marcin\Documents\GitHub\KerbalKrashSystem\Source\KKS-Mods\KerbalKrashSystem_Leak\KerbalKrashSystem_Leak\KerbalKrashSystem_Leak.csproj]
  KerbalKrashSystem_Leak.cs(216,36): warning CS0618: 'ParticleEmitter' is obsolete: 'This component is part of the legacy particle system, which is deprecated and will be removed in a future release. Use the ParticleSystem component instead.' [C:\Users\Marcin\Documents\GitHub\KerbalKrashSystem\Source\KKS-Mods\KerbalKrashSystem_Leak\KerbalKrashSystem_Leak\KerbalKrashSystem_Leak.csproj]

    15 Warning(s)
    0 Error(s)

Time Elapsed 00:00:00.35
